Args in experiment:
Namespace(is_training=1, train_only=False, model_id='ili_24_reg', model='xPatch', data='custom', root_path='./dataset/illness/', data_path='national_illness.csv', features='M', target='OT', freq='h', checkpoints='./checkpoints/', embed='timeF', seq_len=36, label_len=18, pred_len=24, enc_in=7, patch_len=6, stride=3, padding_patch='end', ma_type='reg', alpha=0.3, beta=0.3, num_workers=0, itr=1, train_epochs=100, batch_size=32, patience=10, learning_rate=0.01, des='Exp', loss='mse', lradj='type3', use_amp=False, revin=1, use_gpu=False, gpu=0, use_multi_gpu=False, devices='0,1,2,3', test_flop=False)
Use MPS
>>>>>>>start training : ili_24_reg_xPatch_custom_ftM_sl36_ll18_pl24_Exp_0>>>>>>>>>>>>>>>>>>>>>>>>>>
train 617
val 74
test 170
Epoch: 1 cost time: 0.6964178085327148
Epoch: 1, Steps: 19 | Train Loss: 0.1767356 Vali Loss: 0.1477834 Test Loss: 2.6976055
Validation loss decreased (inf --> 0.147783).  Saving model ...
Updating learning rate to 0.01
Epoch: 2 cost time: 0.2445838451385498
Epoch: 2, Steps: 19 | Train Loss: 0.1378033 Vali Loss: 0.1203603 Test Loss: 2.1984142
Validation loss decreased (0.147783 --> 0.120360).  Saving model ...
Updating learning rate to 0.01
Epoch: 3 cost time: 0.2228238582611084
Epoch: 3, Steps: 19 | Train Loss: 0.1271701 Vali Loss: 0.1130530 Test Loss: 2.1428206
Validation loss decreased (0.120360 --> 0.113053).  Saving model ...
Updating learning rate to 0.01
Epoch: 4 cost time: 0.23978376388549805
Epoch: 4, Steps: 19 | Train Loss: 0.1270964 Vali Loss: 0.1092813 Test Loss: 1.9486392
Validation loss decreased (0.113053 --> 0.109281).  Saving model ...
Updating learning rate to 0.009000000000000001
Epoch: 5 cost time: 0.22275614738464355
Epoch: 5, Steps: 19 | Train Loss: 0.1261929 Vali Loss: 0.1048628 Test Loss: 1.9377159
Validation loss decreased (0.109281 --> 0.104863).  Saving model ...
Updating learning rate to 0.008100000000000001
Epoch: 6 cost time: 0.2338848114013672
Epoch: 6, Steps: 19 | Train Loss: 0.1196536 Vali Loss: 0.0999666 Test Loss: 1.5916658
Validation loss decreased (0.104863 --> 0.099967).  Saving model ...
Updating learning rate to 0.007290000000000001
Epoch: 7 cost time: 0.22846269607543945
Epoch: 7, Steps: 19 | Train Loss: 0.1131132 Vali Loss: 0.0973065 Test Loss: 1.5905843
Validation loss decreased (0.099967 --> 0.097307).  Saving model ...
Updating learning rate to 0.006561
Epoch: 8 cost time: 0.2292783260345459
Epoch: 8, Steps: 19 | Train Loss: 0.1096238 Vali Loss: 0.0964697 Test Loss: 1.6066836
Validation loss decreased (0.097307 --> 0.096470).  Saving model ...
Updating learning rate to 0.005904900000000001
Epoch: 9 cost time: 0.23502206802368164
Epoch: 9, Steps: 19 | Train Loss: 0.1076358 Vali Loss: 0.0984068 Test Loss: 1.6774603
EarlyStopping counter: 1 out of 10
Updating learning rate to 0.00531441
Epoch: 10 cost time: 0.22898197174072266
Epoch: 10, Steps: 19 | Train Loss: 0.1087920 Vali Loss: 0.0975322 Test Loss: 1.5583977
EarlyStopping counter: 2 out of 10
Updating learning rate to 0.004782969000000001
Epoch: 11 cost time: 0.22478413581848145
Epoch: 11, Steps: 19 | Train Loss: 0.1054048 Vali Loss: 0.0999501 Test Loss: 1.6883509
EarlyStopping counter: 3 out of 10
Updating learning rate to 0.004304672100000001
Epoch: 12 cost time: 0.22049307823181152
Epoch: 12, Steps: 19 | Train Loss: 0.1032617 Vali Loss: 0.1045539 Test Loss: 1.6446861
EarlyStopping counter: 4 out of 10
Updating learning rate to 0.003874204890000001
Epoch: 13 cost time: 0.22669410705566406
Epoch: 13, Steps: 19 | Train Loss: 0.1006761 Vali Loss: 0.0992578 Test Loss: 1.5681367
EarlyStopping counter: 5 out of 10
Updating learning rate to 0.003486784401000001
Epoch: 14 cost time: 0.24234700202941895
Epoch: 14, Steps: 19 | Train Loss: 0.1033012 Vali Loss: 0.0956142 Test Loss: 1.5702836
Validation loss decreased (0.096470 --> 0.095614).  Saving model ...
Updating learning rate to 0.0031381059609000006
Epoch: 15 cost time: 0.23152995109558105
Epoch: 15, Steps: 19 | Train Loss: 0.1002682 Vali Loss: 0.0958179 Test Loss: 1.5951527
EarlyStopping counter: 1 out of 10
Updating learning rate to 0.0028242953648100013
Epoch: 16 cost time: 0.23166203498840332
Epoch: 16, Steps: 19 | Train Loss: 0.0989150 Vali Loss: 0.0942420 Test Loss: 1.5537406
Validation loss decreased (0.095614 --> 0.094242).  Saving model ...
Updating learning rate to 0.002541865828329001
Epoch: 17 cost time: 0.24614906311035156
Epoch: 17, Steps: 19 | Train Loss: 0.0971365 Vali Loss: 0.0962409 Test Loss: 1.5433133
EarlyStopping counter: 1 out of 10
Updating learning rate to 0.002287679245496101
Epoch: 18 cost time: 0.22332477569580078
Epoch: 18, Steps: 19 | Train Loss: 0.0972301 Vali Loss: 0.0963091 Test Loss: 1.6399713
EarlyStopping counter: 2 out of 10
Updating learning rate to 0.002058911320946491
Epoch: 19 cost time: 0.22330689430236816
Epoch: 19, Steps: 19 | Train Loss: 0.0968664 Vali Loss: 0.0928228 Test Loss: 1.5206978
Validation loss decreased (0.094242 --> 0.092823).  Saving model ...
Updating learning rate to 0.0018530201888518416
Epoch: 20 cost time: 0.22230195999145508
Epoch: 20, Steps: 19 | Train Loss: 0.0960577 Vali Loss: 0.0969612 Test Loss: 1.5811111
EarlyStopping counter: 1 out of 10
Updating learning rate to 0.0016677181699666576
Epoch: 21 cost time: 0.2315990924835205
Epoch: 21, Steps: 19 | Train Loss: 0.0951194 Vali Loss: 0.0939389 Test Loss: 1.4988666
EarlyStopping counter: 2 out of 10
Updating learning rate to 0.0015009463529699917
Epoch: 22 cost time: 0.22408008575439453
Epoch: 22, Steps: 19 | Train Loss: 0.0942793 Vali Loss: 0.0960831 Test Loss: 1.5429834
EarlyStopping counter: 3 out of 10
Updating learning rate to 0.0013508517176729928
Epoch: 23 cost time: 0.22199416160583496
Epoch: 23, Steps: 19 | Train Loss: 0.0928433 Vali Loss: 0.0946855 Test Loss: 1.5794622
EarlyStopping counter: 4 out of 10
Updating learning rate to 0.0012157665459056935
Epoch: 24 cost time: 0.21928691864013672
Epoch: 24, Steps: 19 | Train Loss: 0.0929469 Vali Loss: 0.0951805 Test Loss: 1.4939565
EarlyStopping counter: 5 out of 10
Updating learning rate to 0.0010941898913151243
Epoch: 25 cost time: 0.23833298683166504
Epoch: 25, Steps: 19 | Train Loss: 0.0921765 Vali Loss: 0.0960108 Test Loss: 1.5027905
EarlyStopping counter: 6 out of 10
Updating learning rate to 0.0009847709021836117
Epoch: 26 cost time: 0.2240297794342041
Epoch: 26, Steps: 19 | Train Loss: 0.0918187 Vali Loss: 0.0944802 Test Loss: 1.4922435
EarlyStopping counter: 7 out of 10
Updating learning rate to 0.0008862938119652507
Epoch: 27 cost time: 0.22474193572998047
Epoch: 27, Steps: 19 | Train Loss: 0.0913892 Vali Loss: 0.0951524 Test Loss: 1.5093938
EarlyStopping counter: 8 out of 10
Updating learning rate to 0.0007976644307687256
Epoch: 28 cost time: 0.22832417488098145
Epoch: 28, Steps: 19 | Train Loss: 0.0906928 Vali Loss: 0.0983352 Test Loss: 1.5727272
EarlyStopping counter: 9 out of 10
Updating learning rate to 0.000717897987691853
Epoch: 29 cost time: 0.23999810218811035
Epoch: 29, Steps: 19 | Train Loss: 0.0914661 Vali Loss: 0.0923697 Test Loss: 1.5263917
Validation loss decreased (0.092823 --> 0.092370).  Saving model ...
Updating learning rate to 0.0006461081889226677
Epoch: 30 cost time: 0.2332763671875
Epoch: 30, Steps: 19 | Train Loss: 0.0904328 Vali Loss: 0.0950711 Test Loss: 1.5320540
EarlyStopping counter: 1 out of 10
Updating learning rate to 0.000581497370030401
Epoch: 31 cost time: 0.22282814979553223
Epoch: 31, Steps: 19 | Train Loss: 0.0904486 Vali Loss: 0.0940493 Test Loss: 1.5403624
EarlyStopping counter: 2 out of 10
Updating learning rate to 0.000523347633027361
Epoch: 32 cost time: 0.22089076042175293
Epoch: 32, Steps: 19 | Train Loss: 0.0900232 Vali Loss: 0.0913643 Test Loss: 1.4795857
Validation loss decreased (0.092370 --> 0.091364).  Saving model ...
Updating learning rate to 0.0004710128697246249
Epoch: 33 cost time: 0.2409520149230957
Epoch: 33, Steps: 19 | Train Loss: 0.0897846 Vali Loss: 0.0935166 Test Loss: 1.5040115
EarlyStopping counter: 1 out of 10
Updating learning rate to 0.0004239115827521624
Epoch: 34 cost time: 0.24237680435180664
Epoch: 34, Steps: 19 | Train Loss: 0.0892910 Vali Loss: 0.0962074 Test Loss: 1.5262222
EarlyStopping counter: 2 out of 10
Updating learning rate to 0.00038152042447694615
Epoch: 35 cost time: 0.2362377643585205
Epoch: 35, Steps: 19 | Train Loss: 0.0893513 Vali Loss: 0.0950923 Test Loss: 1.4807192
EarlyStopping counter: 3 out of 10
Updating learning rate to 0.00034336838202925153
Epoch: 36 cost time: 0.2285902500152588
Epoch: 36, Steps: 19 | Train Loss: 0.0885898 Vali Loss: 0.0929616 Test Loss: 1.5062249
EarlyStopping counter: 4 out of 10
Updating learning rate to 0.00030903154382632634
Epoch: 37 cost time: 0.23932313919067383
Epoch: 37, Steps: 19 | Train Loss: 0.0897988 Vali Loss: 0.0948925 Test Loss: 1.5302147
EarlyStopping counter: 5 out of 10
Updating learning rate to 0.00027812838944369376
Epoch: 38 cost time: 0.22100496292114258
Epoch: 38, Steps: 19 | Train Loss: 0.0894497 Vali Loss: 0.0973221 Test Loss: 1.5034067
EarlyStopping counter: 6 out of 10
Updating learning rate to 0.0002503155504993244
Epoch: 39 cost time: 0.2208271026611328
Epoch: 39, Steps: 19 | Train Loss: 0.0885671 Vali Loss: 0.0945238 Test Loss: 1.4999064
EarlyStopping counter: 7 out of 10
Updating learning rate to 0.00022528399544939195
Epoch: 40 cost time: 0.21966910362243652
Epoch: 40, Steps: 19 | Train Loss: 0.0888332 Vali Loss: 0.0934465 Test Loss: 1.5125592
EarlyStopping counter: 8 out of 10
Updating learning rate to 0.00020275559590445276
Epoch: 41 cost time: 0.23898696899414062
Epoch: 41, Steps: 19 | Train Loss: 0.0888982 Vali Loss: 0.0934423 Test Loss: 1.5032628
EarlyStopping counter: 9 out of 10
Updating learning rate to 0.0001824800363140075
Epoch: 42 cost time: 0.22094416618347168
Epoch: 42, Steps: 19 | Train Loss: 0.0885977 Vali Loss: 0.0943367 Test Loss: 1.5146736
EarlyStopping counter: 10 out of 10
Early stopping
>>>>>>>testing : ili_24_reg_xPatch_custom_ftM_sl36_ll18_pl24_Exp_0<<<<<<<<<<<<<<<<<<<<<<<<<<<<<<<<<
test 170
mse:1.4795857667922974, mae:0.7203184366226196
