Args in experiment:
Namespace(is_training=1, train_only=False, model_id='ili_36_reg', model='xPatch', data='custom', root_path='./dataset/illness/', data_path='national_illness.csv', features='M', target='OT', freq='h', checkpoints='./checkpoints/', embed='timeF', seq_len=36, label_len=18, pred_len=36, enc_in=7, patch_len=6, stride=3, padding_patch='end', ma_type='reg', alpha=0.3, beta=0.3, num_workers=0, itr=1, train_epochs=100, batch_size=32, patience=10, learning_rate=0.01, des='Exp', loss='mse', lradj='type3', use_amp=False, revin=1, use_gpu=False, gpu=0, use_multi_gpu=False, devices='0,1,2,3', test_flop=False)
Use MPS
>>>>>>>start training : ili_36_reg_xPatch_custom_ftM_sl36_ll18_pl36_Exp_0>>>>>>>>>>>>>>>>>>>>>>>>>>
train 605
val 62
test 158
Epoch: 1 cost time: 0.6830117702484131
Epoch: 1, Steps: 18 | Train Loss: 0.1615964 Vali Loss: 0.1251851 Test Loss: 2.5849695
Validation loss decreased (inf --> 0.125185).  Saving model ...
Updating learning rate to 0.01
Epoch: 2 cost time: 0.23276281356811523
Epoch: 2, Steps: 18 | Train Loss: 0.1303020 Vali Loss: 0.0965497 Test Loss: 1.9314348
Validation loss decreased (0.125185 --> 0.096550).  Saving model ...
Updating learning rate to 0.01
Epoch: 3 cost time: 0.22191596031188965
Epoch: 3, Steps: 18 | Train Loss: 0.1224236 Vali Loss: 0.0957696 Test Loss: 1.8423697
Validation loss decreased (0.096550 --> 0.095770).  Saving model ...
Updating learning rate to 0.01
Epoch: 4 cost time: 0.21696805953979492
Epoch: 4, Steps: 18 | Train Loss: 0.1211006 Vali Loss: 0.0972598 Test Loss: 1.6956619
EarlyStopping counter: 1 out of 10
Updating learning rate to 0.009000000000000001
Epoch: 5 cost time: 0.22564291954040527
Epoch: 5, Steps: 18 | Train Loss: 0.1150651 Vali Loss: 0.0876408 Test Loss: 1.5938633
Validation loss decreased (0.095770 --> 0.087641).  Saving model ...
Updating learning rate to 0.008100000000000001
Epoch: 6 cost time: 0.20934009552001953
Epoch: 6, Steps: 18 | Train Loss: 0.1103065 Vali Loss: 0.0860179 Test Loss: 1.4159895
Validation loss decreased (0.087641 --> 0.086018).  Saving model ...
Updating learning rate to 0.007290000000000001
Epoch: 7 cost time: 0.21126890182495117
Epoch: 7, Steps: 18 | Train Loss: 0.1059879 Vali Loss: 0.0891021 Test Loss: 1.4470335
EarlyStopping counter: 1 out of 10
Updating learning rate to 0.006561
Epoch: 8 cost time: 0.2084968090057373
Epoch: 8, Steps: 18 | Train Loss: 0.1052541 Vali Loss: 0.0831276 Test Loss: 1.3483419
Validation loss decreased (0.086018 --> 0.083128).  Saving model ...
Updating learning rate to 0.005904900000000001
Epoch: 9 cost time: 0.22246909141540527
Epoch: 9, Steps: 18 | Train Loss: 0.1028410 Vali Loss: 0.0809658 Test Loss: 1.6676802
Validation loss decreased (0.083128 --> 0.080966).  Saving model ...
Updating learning rate to 0.00531441
Epoch: 10 cost time: 0.21221137046813965
Epoch: 10, Steps: 18 | Train Loss: 0.1029540 Vali Loss: 0.0797981 Test Loss: 1.4070087
Validation loss decreased (0.080966 --> 0.079798).  Saving model ...
Updating learning rate to 0.004782969000000001
Epoch: 11 cost time: 0.21440696716308594
Epoch: 11, Steps: 18 | Train Loss: 0.1011334 Vali Loss: 0.0792686 Test Loss: 1.5581207
Validation loss decreased (0.079798 --> 0.079269).  Saving model ...
Updating learning rate to 0.004304672100000001
Epoch: 12 cost time: 0.20952200889587402
Epoch: 12, Steps: 18 | Train Loss: 0.0960384 Vali Loss: 0.0770439 Test Loss: 1.2985127
Validation loss decreased (0.079269 --> 0.077044).  Saving model ...
Updating learning rate to 0.003874204890000001
Epoch: 13 cost time: 0.21871423721313477
Epoch: 13, Steps: 18 | Train Loss: 0.0969566 Vali Loss: 0.0765795 Test Loss: 1.3236183
Validation loss decreased (0.077044 --> 0.076580).  Saving model ...
Updating learning rate to 0.003486784401000001
Epoch: 14 cost time: 0.21720480918884277
Epoch: 14, Steps: 18 | Train Loss: 0.0947159 Vali Loss: 0.0761164 Test Loss: 1.2708594
Validation loss decreased (0.076580 --> 0.076116).  Saving model ...
Updating learning rate to 0.0031381059609000006
Epoch: 15 cost time: 0.22150087356567383
Epoch: 15, Steps: 18 | Train Loss: 0.0931696 Vali Loss: 0.0777097 Test Loss: 1.1874642
EarlyStopping counter: 1 out of 10
Updating learning rate to 0.0028242953648100013
Epoch: 16 cost time: 0.20844817161560059
Epoch: 16, Steps: 18 | Train Loss: 0.0915063 Vali Loss: 0.0768902 Test Loss: 1.2674817
EarlyStopping counter: 2 out of 10
Updating learning rate to 0.002541865828329001
Epoch: 17 cost time: 0.2197129726409912
Epoch: 17, Steps: 18 | Train Loss: 0.0902669 Vali Loss: 0.0827520 Test Loss: 1.1957685
EarlyStopping counter: 3 out of 10
Updating learning rate to 0.002287679245496101
Epoch: 18 cost time: 0.21651506423950195
Epoch: 18, Steps: 18 | Train Loss: 0.0891869 Vali Loss: 0.0752665 Test Loss: 1.3254167
Validation loss decreased (0.076116 --> 0.075266).  Saving model ...
Updating learning rate to 0.002058911320946491
Epoch: 19 cost time: 0.21563291549682617
Epoch: 19, Steps: 18 | Train Loss: 0.0893897 Vali Loss: 0.0774671 Test Loss: 1.2555348
EarlyStopping counter: 1 out of 10
Updating learning rate to 0.0018530201888518416
Epoch: 20 cost time: 0.2087712287902832
Epoch: 20, Steps: 18 | Train Loss: 0.0881460 Vali Loss: 0.0802543 Test Loss: 1.1509742
EarlyStopping counter: 2 out of 10
Updating learning rate to 0.0016677181699666576
Epoch: 21 cost time: 0.2091982364654541
Epoch: 21, Steps: 18 | Train Loss: 0.0869073 Vali Loss: 0.0755263 Test Loss: 1.2383289
EarlyStopping counter: 3 out of 10
Updating learning rate to 0.0015009463529699917
Epoch: 22 cost time: 0.22590208053588867
Epoch: 22, Steps: 18 | Train Loss: 0.0869726 Vali Loss: 0.0775295 Test Loss: 1.2787511
EarlyStopping counter: 4 out of 10
Updating learning rate to 0.0013508517176729928
Epoch: 23 cost time: 0.21600723266601562
Epoch: 23, Steps: 18 | Train Loss: 0.0877135 Vali Loss: 0.0761670 Test Loss: 1.3337376
EarlyStopping counter: 5 out of 10
Updating learning rate to 0.0012157665459056935
Epoch: 24 cost time: 0.21506977081298828
Epoch: 24, Steps: 18 | Train Loss: 0.0872873 Vali Loss: 0.0798368 Test Loss: 1.2767357
EarlyStopping counter: 6 out of 10
Updating learning rate to 0.0010941898913151243
Epoch: 25 cost time: 0.21352601051330566
Epoch: 25, Steps: 18 | Train Loss: 0.0856741 Vali Loss: 0.0729844 Test Loss: 1.2812770
Validation loss decreased (0.075266 --> 0.072984).  Saving model ...
Updating learning rate to 0.0009847709021836117
Epoch: 26 cost time: 0.22351527214050293
Epoch: 26, Steps: 18 | Train Loss: 0.0854676 Vali Loss: 0.0733719 Test Loss: 1.2548876
EarlyStopping counter: 1 out of 10
Updating learning rate to 0.0008862938119652507
Epoch: 27 cost time: 0.20668506622314453
Epoch: 27, Steps: 18 | Train Loss: 0.0848952 Vali Loss: 0.0773192 Test Loss: 1.2476467
EarlyStopping counter: 2 out of 10
Updating learning rate to 0.0007976644307687256
Epoch: 28 cost time: 0.2099621295928955
Epoch: 28, Steps: 18 | Train Loss: 0.0847579 Vali Loss: 0.0749034 Test Loss: 1.2395943
EarlyStopping counter: 3 out of 10
Updating learning rate to 0.000717897987691853
Epoch: 29 cost time: 0.21294713020324707
Epoch: 29, Steps: 18 | Train Loss: 0.0832549 Vali Loss: 0.0742723 Test Loss: 1.2601220
EarlyStopping counter: 4 out of 10
Updating learning rate to 0.0006461081889226677
Epoch: 30 cost time: 0.22178888320922852
Epoch: 30, Steps: 18 | Train Loss: 0.0841682 Vali Loss: 0.0756155 Test Loss: 1.2251237
EarlyStopping counter: 5 out of 10
Updating learning rate to 0.000581497370030401
Epoch: 31 cost time: 0.21578192710876465
Epoch: 31, Steps: 18 | Train Loss: 0.0826962 Vali Loss: 0.0754049 Test Loss: 1.2927880
EarlyStopping counter: 6 out of 10
Updating learning rate to 0.000523347633027361
Epoch: 32 cost time: 0.2125539779663086
Epoch: 32, Steps: 18 | Train Loss: 0.0827433 Vali Loss: 0.0773796 Test Loss: 1.2149443
EarlyStopping counter: 7 out of 10
Updating learning rate to 0.0004710128697246249
Epoch: 33 cost time: 0.20775294303894043
Epoch: 33, Steps: 18 | Train Loss: 0.0846501 Vali Loss: 0.0722334 Test Loss: 1.1961962
Validation loss decreased (0.072984 --> 0.072233).  Saving model ...
Updating learning rate to 0.0004239115827521624
Epoch: 34 cost time: 0.21149992942810059
Epoch: 34, Steps: 18 | Train Loss: 0.0838215 Vali Loss: 0.0764252 Test Loss: 1.2371950
EarlyStopping counter: 1 out of 10
Updating learning rate to 0.00038152042447694615
Epoch: 35 cost time: 0.2182910442352295
Epoch: 35, Steps: 18 | Train Loss: 0.0835920 Vali Loss: 0.0728397 Test Loss: 1.2504007
EarlyStopping counter: 2 out of 10
Updating learning rate to 0.00034336838202925153
Epoch: 36 cost time: 0.2089548110961914
Epoch: 36, Steps: 18 | Train Loss: 0.0827852 Vali Loss: 0.0755874 Test Loss: 1.2184656
EarlyStopping counter: 3 out of 10
Updating learning rate to 0.00030903154382632634
Epoch: 37 cost time: 0.20855998992919922
Epoch: 37, Steps: 18 | Train Loss: 0.0821495 Vali Loss: 0.0718338 Test Loss: 1.2270310
Validation loss decreased (0.072233 --> 0.071834).  Saving model ...
Updating learning rate to 0.00027812838944369376
Epoch: 38 cost time: 0.20974063873291016
Epoch: 38, Steps: 18 | Train Loss: 0.0815118 Vali Loss: 0.0737626 Test Loss: 1.2296214
EarlyStopping counter: 1 out of 10
Updating learning rate to 0.0002503155504993244
Epoch: 39 cost time: 0.2214672565460205
Epoch: 39, Steps: 18 | Train Loss: 0.0825375 Vali Loss: 0.0754003 Test Loss: 1.2289049
EarlyStopping counter: 2 out of 10
Updating learning rate to 0.00022528399544939195
Epoch: 40 cost time: 0.21535491943359375
Epoch: 40, Steps: 18 | Train Loss: 0.0809245 Vali Loss: 0.0787838 Test Loss: 1.2253175
EarlyStopping counter: 3 out of 10
Updating learning rate to 0.00020275559590445276
Epoch: 41 cost time: 0.21050715446472168
Epoch: 41, Steps: 18 | Train Loss: 0.0822363 Vali Loss: 0.0731026 Test Loss: 1.2336439
EarlyStopping counter: 4 out of 10
Updating learning rate to 0.0001824800363140075
Epoch: 42 cost time: 0.2075800895690918
Epoch: 42, Steps: 18 | Train Loss: 0.0827845 Vali Loss: 0.0783251 Test Loss: 1.2351783
EarlyStopping counter: 5 out of 10
Updating learning rate to 0.00016423203268260675
Epoch: 43 cost time: 0.2147219181060791
Epoch: 43, Steps: 18 | Train Loss: 0.0824021 Vali Loss: 0.0718698 Test Loss: 1.2337373
EarlyStopping counter: 6 out of 10
Updating learning rate to 0.00014780882941434607
Epoch: 44 cost time: 0.21484971046447754
Epoch: 44, Steps: 18 | Train Loss: 0.0815452 Vali Loss: 0.0793446 Test Loss: 1.2251987
EarlyStopping counter: 7 out of 10
Updating learning rate to 0.00013302794647291146
Epoch: 45 cost time: 0.22258782386779785
Epoch: 45, Steps: 18 | Train Loss: 0.0823262 Vali Loss: 0.0765713 Test Loss: 1.2239466
EarlyStopping counter: 8 out of 10
Updating learning rate to 0.00011972515182562034
Epoch: 46 cost time: 0.22083377838134766
Epoch: 46, Steps: 18 | Train Loss: 0.0815256 Vali Loss: 0.0759634 Test Loss: 1.2309708
EarlyStopping counter: 9 out of 10
Updating learning rate to 0.0001077526366430583
Epoch: 47 cost time: 0.22356700897216797
Epoch: 47, Steps: 18 | Train Loss: 0.0816465 Vali Loss: 0.0759651 Test Loss: 1.2291198
EarlyStopping counter: 10 out of 10
Early stopping
>>>>>>>testing : ili_36_reg_xPatch_custom_ftM_sl36_ll18_pl36_Exp_0<<<<<<<<<<<<<<<<<<<<<<<<<<<<<<<<<
test 158
mse:1.227030873298645, mae:0.6556044220924377
